<?xml version="1.0" encoding="UTF-8"?>
<testsuite name="Test" tests="1" skipped="0" failures="0" errors="0" timestamp="2022-02-16T06:34:42" hostname="DESKTOP-P6QPFJ5" time="0.021">
  <properties/>
  <testcase name="test()" classname="Test" time="0.021"/>
  <system-out><![CDATA[테스트
]]></system-out>
  <system-err><![CDATA[]]></system-err>
</testsuite>
